<?xml version="1.0" encoding="UTF-8"?>
<!-- Generated by org.testng.reporters.JUnitXMLReporter -->
<testsuite ignored="0" hostname="LAPTOP-Q990A920" failures="0" tests="3" name="Test" time="70.973" errors="0" timestamp="2022-04-21T17:26:37 IST">
  <testcase classname="TestLayer.MultipleUserAccount" name="loginFunctionality" time="7.813"/>
  <testcase classname="TestLayer.MultipleUserAccount" name="validateHomePageTitle" time="0.142"/>
  <testcase classname="TestLayer.MultipleUserAccount" name="createMultiPleUser" time="0.0">
    <skipped/>
  </testcase> <!-- createMultiPleUser -->
</testsuite> <!-- Test -->
